[2026-07-19 11:59:44] ==> public endpoint verify start
[2026-07-19 11:59:44] env_file=infra/k8s/templates/m5-public-endpoints.env.example
[2026-07-19 11:59:44] use_resolve=true
Note:
  --use-resolve probes future public hostnames against the current NLB IP.
  Before the ingress host rules are switched from .local to formal domains,
  receiving the fake ingress certificate and HTTP 404 is expected.

=== DNS api.m5-platform.com ===

=== DNS admin.m5-platform.com ===

=== DNS store.m5-platform.com ===

=== DNS tob.m5-platform.com ===

=== Certificate api.m5-platform.com ===
subject=O=Acme Co, CN=Kubernetes Ingress Controller Fake Certificate
issuer=O=Acme Co, CN=Kubernetes Ingress Controller Fake Certificate
notBefore=Jul 16 17:49:29 2026 GMT
notAfter=Jul 15 17:49:29 2031 GMT

=== HTTPS api.m5-platform.com ===
curl: (35) LibreSSL SSL_connect: SSL_ERROR_SYSCALL in connection to api.m5-platform.com:443 
WARN: HTTPS probe failed for api.m5-platform.com

=== API health api.m5-platform.com ===
curl: (35) LibreSSL SSL_connect: SSL_ERROR_SYSCALL in connection to api.m5-platform.com:443 
WARN: API health probe failed for api.m5-platform.com

=== HTTPS admin.m5-platform.com ===
curl: (35) LibreSSL SSL_connect: SSL_ERROR_SYSCALL in connection to admin.m5-platform.com:443 
WARN: HTTPS probe failed for admin.m5-platform.com

=== HTTPS store.m5-platform.com ===
curl: (35) LibreSSL SSL_connect: SSL_ERROR_SYSCALL in connection to store.m5-platform.com:443 
WARN: HTTPS probe failed for store.m5-platform.com

=== HTTPS tob.m5-platform.com ===
curl: (35) LibreSSL SSL_connect: SSL_ERROR_SYSCALL in connection to tob.m5-platform.com:443 
WARN: HTTPS probe failed for tob.m5-platform.com

[2026-07-19 11:59:45] ==> public endpoint verify done
