=== preflight online ===
timestamp=2026-07-18 22:12:45
command=bash /Users/yaoyunzhong/Desktop/shenjiying/shenjiying88/scripts/preflight-prod-public-cutover.sh --env-file /Users/yaoyunzhong/Desktop/shenjiying/shenjiying88/infra/k8s/templates/m5-public-endpoints.env.example --allow-missing-tls 

bash: no job control in this shell
==> Using kubeconfig: /Users/yaoyunzhong/.kube/m5-prod-config
==> Checking namespace access
==> Checking live resources
==> Current ingress hosts
api.m5.local
admin.m5.local
store.m5.local
tob.m5.local

==> Current runtime public URLs
NEXT_PUBLIC_API_URL=https://api.m5.local/api/v1
NEXT_PUBLIC_WS_URL=wss://api.m5.local
CORS_ORIGIN=https://admin.m5.local,https://store.m5.local,https://tob.m5.local

==> Target public URLs from env file
API_HOST=api.m5-platform.com
ADMIN_HOST=admin.m5-platform.com
STOREFRONT_HOST=store.m5-platform.com
TOB_HOST=tob.m5-platform.com
NEXT_PUBLIC_API_URL=https://api.m5-platform.com/api/v1
NEXT_PUBLIC_WS_URL=wss://api.m5-platform.com
CORS_ORIGIN=https://admin.m5-platform.com,https://store.m5-platform.com,https://tob.m5-platform.com

==> Deployment readiness
m5-api ready=1/1 available=1 updated=1
