[0m[1malicloud_vpc.main: Refreshing state... [id=vpc-bp1n56m354lc8hsw6eu8u][0m
[0m[1malicloud_eip_address.nat: Refreshing state... [id=eip-bp14sv7nv6uw6w9accmqu][0m
[0m[1malicloud_vswitch.zone_b: Refreshing state... [id=vsw-bp10om14vbon5je84h545][0m
[0m[1malicloud_vswitch.zone_a: Refreshing state... [id=vsw-bp13in79yfk9bosdyttvx][0m
[0m[1malicloud_vswitch.zone_c: Refreshing state... [id=vsw-bp12ox6h8icql351kdr77][0m

Terraform used the selected providers to generate the following execution
plan. Resource actions are indicated with the following symbols:
  [32m+[0m create[0m

Terraform will perform the following actions:

[1m  # alicloud_cs_kubernetes_node_pool.application[0m will be created
[0m  [32m+[0m[0m resource "alicloud_cs_kubernetes_node_pool" "application" {
      [32m+[0m[0m cluster_id             = (known after apply)
      [32m+[0m[0m cpu_policy             = (known after apply)
      [32m+[0m[0m desired_size           = "4"
      [32m+[0m[0m format_disk            = (known after apply)
      [32m+[0m[0m id                     = (known after apply)
      [32m+[0m[0m image_id               = (known after apply)
      [32m+[0m[0m image_type             = (known after apply)
      [32m+[0m[0m install_cloud_monitor  = true
      [32m+[0m[0m instance_charge_type   = (known after apply)
      [32m+[0m[0m instance_types         = [
          [32m+[0m[0m "ecs.c7.2xlarge",
        ]
      [32m+[0m[0m keep_instance_name     = (known after apply)
      [32m+[0m[0m multi_az_policy        = (known after apply)
      [32m+[0m[0m name                   = (known after apply)
      [32m+[0m[0m node_count             = (known after apply)
      [32m+[0m[0m node_name_mode         = (known after apply)
      [32m+[0m[0m node_pool_id           = (known after apply)
      [32m+[0m[0m node_pool_name         = "application"
      [32m+[0m[0m platform               = (known after apply)
      [32m+[0m[0m ram_role_name          = (known after apply)
      [32m+[0m[0m resource_group_id      = (known after apply)
      [32m+[0m[0m runtime_name           = (known after apply)
      [32m+[0m[0m runtime_version        = (known after apply)
      [32m+[0m[0m scaling_group_id       = (known after apply)
      [32m+[0m[0m scaling_policy         = (known after apply)
      [32m+[0m[0m security_group_id      = (known after apply)
      [32m+[0m[0m security_group_ids     = (known after apply)
      [32m+[0m[0m spot_strategy          = (known after apply)
      [32m+[0m[0m system_disk_categories = (known after apply)
      [32m+[0m[0m system_disk_category   = "cloud_essd"
      [32m+[0m[0m system_disk_size       = 100
      [32m+[0m[0m tags                   = {
          [32m+[0m[0m "Environment" = "production"
          [32m+[0m[0m "Name"        = "m5-prod-cluster-application"
        }
      [32m+[0m[0m type                   = (known after apply)
      [32m+[0m[0m vpc_id                 = (known after apply)
      [32m+[0m[0m vswitch_ids            = [
          [32m+[0m[0m "vsw-bp10om14vbon5je84h545",
          [32m+[0m[0m "vsw-bp12ox6h8icql351kdr77",
        ]

      [32m+[0m[0m auto_mode (known after apply)

      [32m+[0m[0m data_disks {
          [32m+[0m[0m category = "cloud_essd"
          [32m+[0m[0m name     = (known after apply)
          [32m+[0m[0m size     = 200
        }

      [32m+[0m[0m instance_metadata_options (known after apply)

      [32m+[0m[0m labels {
          [32m+[0m[0m key   = "node-type"
          [32m+[0m[0m value = "application"
        }

      [32m+[0m[0m management (known after apply)

      [32m+[0m[0m scaling_config (known after apply)

      [32m+[0m[0m tee_config (known after apply)
    }

[1m  # alicloud_cs_kubernetes_node_pool.system[0m will be created
[0m  [32m+[0m[0m resource "alicloud_cs_kubernetes_node_pool" "system" {
      [32m+[0m[0m cluster_id             = (known after apply)
      [32m+[0m[0m cpu_policy             = (known after apply)
      [32m+[0m[0m desired_size           = "2"
      [32m+[0m[0m format_disk            = (known after apply)
      [32m+[0m[0m id                     = (known after apply)
      [32m+[0m[0m image_id               = (known after apply)
      [32m+[0m[0m image_type             = (known after apply)
      [32m+[0m[0m install_cloud_monitor  = true
      [32m+[0m[0m instance_charge_type   = (known after apply)
      [32m+[0m[0m instance_types         = [
          [32m+[0m[0m "ecs.c7.xlarge",
        ]
      [32m+[0m[0m keep_instance_name     = (known after apply)
      [32m+[0m[0m multi_az_policy        = (known after apply)
      [32m+[0m[0m name                   = (known after apply)
      [32m+[0m[0m node_count             = (known after apply)
      [32m+[0m[0m node_name_mode         = (known after apply)
      [32m+[0m[0m node_pool_id           = (known after apply)
      [32m+[0m[0m node_pool_name         = "system"
      [32m+[0m[0m platform               = (known after apply)
      [32m+[0m[0m ram_role_name          = (known after apply)
      [32m+[0m[0m resource_group_id      = (known after apply)
      [32m+[0m[0m runtime_name           = (known after apply)
      [32m+[0m[0m runtime_version        = (known after apply)
      [32m+[0m[0m scaling_group_id       = (known after apply)
      [32m+[0m[0m scaling_policy         = (known after apply)
      [32m+[0m[0m security_group_id      = (known after apply)
      [32m+[0m[0m security_group_ids     = (known after apply)
      [32m+[0m[0m spot_strategy          = (known after apply)
      [32m+[0m[0m system_disk_categories = (known after apply)
      [32m+[0m[0m system_disk_category   = "cloud_essd"
      [32m+[0m[0m system_disk_size       = 100
      [32m+[0m[0m tags                   = {
          [32m+[0m[0m "Environment" = "production"
          [32m+[0m[0m "Name"        = "m5-prod-cluster-system"
        }
      [32m+[0m[0m type                   = (known after apply)
      [32m+[0m[0m vpc_id                 = (known after apply)
      [32m+[0m[0m vswitch_ids            = [
          [32m+[0m[0m "vsw-bp13in79yfk9bosdyttvx",
        ]

      [32m+[0m[0m auto_mode (known after apply)

      [32m+[0m[0m instance_metadata_options (known after apply)

      [32m+[0m[0m labels {
          [32m+[0m[0m key   = "node-type"
          [32m+[0m[0m value = "system"
        }

      [32m+[0m[0m management (known after apply)

      [32m+[0m[0m scaling_config (known after apply)

      [32m+[0m[0m tee_config (known after apply)
    }

[1m  # alicloud_cs_managed_kubernetes.main[0m will be created
[0m  [32m+[0m[0m resource "alicloud_cs_managed_kubernetes" "main" {
      [32m+[0m[0m availability_zone            = (known after apply)
      [32m+[0m[0m certificate_authority        = (known after apply)
      [32m+[0m[0m cluster_domain               = "cluster.local"
      [32m+[0m[0m cluster_spec                 = "ack.standard"
      [32m+[0m[0m connections                  = (known after apply)
      [32m+[0m[0m control_plane_log_project    = (known after apply)
      [32m+[0m[0m control_plane_log_ttl        = (known after apply)
      [32m+[0m[0m deletion_protection          = (known after apply)
      [32m+[0m[0m disable_encryption           = (known after apply)
      [32m+[0m[0m id                           = (known after apply)
      [32m+[0m[0m install_cloud_monitor        = (known after apply)
      [32m+[0m[0m ip_stack                     = (known after apply)
      [32m+[0m[0m is_enterprise_security_group = (known after apply)
      [32m+[0m[0m load_balancer_spec           = (known after apply)
      [32m+[0m[0m name                         = "m5-prod-cluster"
      [32m+[0m[0m name_prefix                  = "Terraform-Creation"
      [32m+[0m[0m nat_gateway_id               = (known after apply)
      [32m+[0m[0m new_nat_gateway              = false
      [32m+[0m[0m node_cidr_mask               = 24
      [32m+[0m[0m node_port_range              = (known after apply)
      [32m+[0m[0m platform                     = (known after apply)
      [32m+[0m[0m pod_cidr                     = "172.20.0.0/16"
      [32m+[0m[0m profile                      = (known after apply)
      [32m+[0m[0m proxy_mode                   = "ipvs"
      [32m+[0m[0m resource_group_id            = (known after apply)
      [32m+[0m[0m rrsa_metadata                = (known after apply)
      [32m+[0m[0m security_group_id            = (known after apply)
      [32m+[0m[0m service_cidr                 = "172.21.0.0/20"
      [32m+[0m[0m slb_id                       = (known after apply)
      [32m+[0m[0m slb_internet                 = (known after apply)
      [32m+[0m[0m slb_internet_enabled         = true
      [32m+[0m[0m slb_intranet                 = (known after apply)
      [32m+[0m[0m tags                         = {
          [32m+[0m[0m "Environment" = "production"
          [32m+[0m[0m "ManagedBy"   = "Terraform"
          [32m+[0m[0m "Name"        = "m5-prod-cluster"
        }
      [32m+[0m[0m version                      = "1.28.3-aliyun.1"
      [32m+[0m[0m vpc_id                       = (known after apply)
      [32m+[0m[0m vswitch_ids                  = [
          [32m+[0m[0m "vsw-bp13in79yfk9bosdyttvx",
          [32m+[0m[0m "vsw-bp10om14vbon5je84h545",
          [32m+[0m[0m "vsw-bp12ox6h8icql351kdr77",
        ]
      [32m+[0m[0m worker_auto_renew_period     = (known after apply)
      [32m+[0m[0m worker_disk_size             = (known after apply)
      [32m+[0m[0m worker_instance_charge_type  = (known after apply)
      [32m+[0m[0m worker_period                = (known after apply)
      [32m+[0m[0m worker_period_unit           = (known after apply)
      [32m+[0m[0m worker_ram_role_name         = (known after apply)

      [32m+[0m[0m audit_log_config (known after apply)

      [32m+[0m[0m maintenance_window (known after apply)

      [32m+[0m[0m operation_policy (known after apply)

      [32m+[0m[0m worker_nodes (known after apply)
    }

[1m  # alicloud_eip_association.nat[0m will be created
[0m  [32m+[0m[0m resource "alicloud_eip_association" "nat" {
      [32m+[0m[0m allocation_id = "eip-bp14sv7nv6uw6w9accmqu"
      [32m+[0m[0m id            = (known after apply)
      [32m+[0m[0m instance_id   = (known after apply)
      [32m+[0m[0m instance_type = (known after apply)
      [32m+[0m[0m mode          = (known after apply)
    }

[1m  # alicloud_nat_gateway.main[0m will be created
[0m  [32m+[0m[0m resource "alicloud_nat_gateway" "main" {
      [32m+[0m[0m bandwidth_package_ids = (known after apply)
      [32m+[0m[0m deletion_protection   = (known after apply)
      [32m+[0m[0m eip_bind_mode         = (known after apply)
      [32m+[0m[0m forward_table_ids     = (known after apply)
      [32m+[0m[0m icmp_reply_enabled    = (known after apply)
      [32m+[0m[0m id                    = (known after apply)
      [32m+[0m[0m instance_charge_type  = (known after apply)
      [32m+[0m[0m internet_charge_type  = (known after apply)
      [32m+[0m[0m name                  = (known after apply)
      [32m+[0m[0m nat_gateway_name      = "m5-prod-cluster-nat"
      [32m+[0m[0m nat_type              = "Enhanced"
      [32m+[0m[0m network_type          = (known after apply)
      [32m+[0m[0m payment_type          = "PayAsYouGo"
      [32m+[0m[0m snat_table_ids        = (known after apply)
      [32m+[0m[0m specification         = (known after apply)
      [32m+[0m[0m status                = (known after apply)
      [32m+[0m[0m tags                  = {
          [32m+[0m[0m "Environment" = "production"
          [32m+[0m[0m "Name"        = "m5-prod-cluster-nat"
        }
      [32m+[0m[0m vpc_id                = "vpc-bp1n56m354lc8hsw6eu8u"
      [32m+[0m[0m vswitch_id            = "vsw-bp10om14vbon5je84h545"

      [32m+[0m[0m access_mode (known after apply)
    }

[1mPlan:[0m 5 to add, 0 to change, 0 to destroy.
[0m
Changes to Outputs:
  [32m+[0m[0m cluster_id     = (known after apply)
  [33m~[0m[0m nat_gateway_id = "ngw-bp1rf253rly15r5wmpd8q" -> (known after apply)
[0m[1malicloud_nat_gateway.main: Creating...[0m[0m
[0m[1malicloud_nat_gateway.main: Still creating... [10s elapsed][0m[0m
[0m[1malicloud_nat_gateway.main: Still creating... [20s elapsed][0m[0m
[0m[1malicloud_nat_gateway.main: Still creating... [30s elapsed][0m[0m
[0m[1malicloud_nat_gateway.main: Creation complete after 39s [id=ngw-bp1uijyrhja3b3v6cjg8g][0m
[0m[1malicloud_eip_association.nat: Creating...[0m[0m
